Using pre-set license
Built from '2020.3/staging' branch; Version is '2020.3.18f1 (a7d1c678663c) revision 10998214'; Using compiler version '192528614'; Build Type 'Release'
OS: 'Windows 10 Home; OS build 19041.1165; Version 2004; 64bit' Language: 'it' Physical Memory: 7976 MB
BatchMode: 1, IsHumanControllingUs: 0, StartBugReporterOnCrash: 0, Is64bit: 1, IsPro: 0

COMMAND LINE ARGUMENTS:
C:\Program Files\Unity\Hub\Editor\2020.3.18f1\Editor\Unity.exe
-adb2
-batchMode
-noUpm
-name
AssetImportWorker0
-projectPath
C:/Users/pmose/OneDrive/Documenti/uni/3anno/MobileComputing/mb_quiz
-logFile
Logs/AssetImportWorker0.log
-srvPort
63122
Successfully changed project path to: C:/Users/pmose/OneDrive/Documenti/uni/3anno/MobileComputing/mb_quiz
C:/Users/pmose/OneDrive/Documenti/uni/3anno/MobileComputing/mb_quiz
Using Asset Import Pipeline V2.
Refreshing native plugins compatible for Editor in 151.59 ms, found 2 plugins.
Preloading 0 native plugins for Editor in 0.00 ms.
Initialize engine version: 2020.3.18f1 (a7d1c678663c)
[Subsystems] Discovering subsystems at path C:/Program Files/Unity/Hub/Editor/2020.3.18f1/Editor/Data/Resources/UnitySubsystems
[Subsystems] Discovering subsystems at path C:/Users/pmose/OneDrive/Documenti/uni/3anno/MobileComputing/mb_quiz/Assets
GfxDevice: creating device client; threaded=0
Direct3D:
    Version:  Direct3D 11.0 [level 11.1]
    Renderer: NVIDIA GeForce MX250 (ID=0x1d13)
    Vendor:   
    VRAM:     1983 MB
    Driver:   27.21.14.5167
Initialize mono
Mono path[0] = 'C:/Program Files/Unity/Hub/Editor/2020.3.18f1/Editor/Data/Managed'
Mono path[1] = 'C:/Program Files/Unity/Hub/Editor/2020.3.18f1/Editor/Data/MonoBleedingEdge/lib/mono/unityjit'
Mono config path = 'C:/Program Files/Unity/Hub/Editor/2020.3.18f1/Editor/Data/MonoBleedingEdge/etc'
Using monoOptions --debugger-agent=transport=dt_socket,embedding=1,server=y,suspend=n,address=127.0.0.1:56792
Begin MonoManager ReloadAssembly
Registering precompiled unity dll's ...
Register platform support module: C:/Program Files/Unity/Hub/Editor/2020.3.18f1/Editor/Data/PlaybackEngines/WindowsStandaloneSupport/UnityEditor.WindowsStandalone.Extensions.dll
Registered in 0.007747 seconds.
Native extension for WindowsStandalone target not found
Refreshing native plugins compatible for Editor in 116.26 ms, found 2 plugins.
Preloading 0 native plugins for Editor in 0.00 ms.
Mono: successfully reloaded assembly
- Completed reload, in  3.872 seconds
Domain Reload Profiling:
	ReloadAssembly (3873ms)
		BeginReloadAssembly (183ms)
			ExecutionOrderSort (0ms)
			DisableScriptedObjects (0ms)
			BackupInstance (0ms)
			ReleaseScriptingObjects (0ms)
			CreateAndSetChildDomain (2ms)
		EndReloadAssembly (1473ms)
			LoadAssemblies (175ms)
			RebuildTransferFunctionScriptingTraits (0ms)
			SetupTypeCache (571ms)
			ReleaseScriptCaches (0ms)
			RebuildScriptCaches (148ms)
			SetupLoadedEditorAssemblies (548ms)
				LogAssemblyErrors (0ms)
				InitializePlatformSupportModulesInManaged (18ms)
				SetLoadedEditorAssemblies (1ms)
				RefreshPlugins (116ms)
				BeforeProcessingInitializeOnLoad (38ms)
				ProcessInitializeOnLoadAttributes (280ms)
				ProcessInitializeOnLoadMethodAttributes (94ms)
				AfterProcessingInitializeOnLoad (0ms)
				EditorAssembliesLoaded (1ms)
			ExecutionOrderSort2 (0ms)
			AwakeInstancesAfterBackupRestoration (0ms)
Platform modules already initialized, skipping
Registering precompiled user dll's ...
Registered in 0.006232 seconds.
Begin MonoManager ReloadAssembly
Native extension for WindowsStandalone target not found
Refreshing native plugins compatible for Editor in 1.06 ms, found 2 plugins.
Preloading 0 native plugins for Editor in 0.00 ms.
Mono: successfully reloaded assembly
- Completed reload, in  2.729 seconds
Domain Reload Profiling:
	ReloadAssembly (2731ms)
		BeginReloadAssembly (307ms)
			ExecutionOrderSort (0ms)
			DisableScriptedObjects (9ms)
			BackupInstance (0ms)
			ReleaseScriptingObjects (0ms)
			CreateAndSetChildDomain (29ms)
		EndReloadAssembly (2281ms)
			LoadAssemblies (157ms)
			RebuildTransferFunctionScriptingTraits (0ms)
			SetupTypeCache (774ms)
			ReleaseScriptCaches (1ms)
			RebuildScriptCaches (102ms)
			SetupLoadedEditorAssemblies (990ms)
				LogAssemblyErrors (0ms)
				InitializePlatformSupportModulesInManaged (9ms)
				SetLoadedEditorAssemblies (1ms)
				RefreshPlugins (1ms)
				BeforeProcessingInitializeOnLoad (155ms)
				ProcessInitializeOnLoadAttributes (791ms)
				ProcessInitializeOnLoadMethodAttributes (20ms)
				AfterProcessingInitializeOnLoad (12ms)
				EditorAssembliesLoaded (1ms)
			ExecutionOrderSort2 (0ms)
			AwakeInstancesAfterBackupRestoration (16ms)
Platform modules already initialized, skipping
========================================================================
Worker process is ready to serve import requests
Launched and connected shader compiler UnityShaderCompiler.exe after 0.12 seconds
Refreshing native plugins compatible for Editor in 1.37 ms, found 2 plugins.
Preloading 0 native plugins for Editor in 0.00 ms.
Unloading 1655 Unused Serialized files (Serialized files now loaded: 0)
System memory in use before: 78.7 MB.
System memory in use after: 78.7 MB.

Unloading 21 unused Assets to reduce memory usage. Loaded Objects now: 2096.
Total: 6.243400 ms (FindLiveObjects: 0.368300 ms CreateObjectMapping: 0.196700 ms MarkObjects: 5.572100 ms  DeleteObjects: 0.104500 ms)

AssetImportParameters requested are different than current active one (requested -> active):
  custom:framework-win-MediaFoundation: 216162199b28c13a410421893ffa2e32 -> 
  custom:video-decoder-ogg-theora: a1e56fd34408186e4bbccfd4996cb3dc -> 
  custom:container-muxer-webm: aa71ff27fc2769a1b78a27578f13a17b -> 
  custom:container-demuxer-webm: 4f35f7cbe854078d1ac9338744f61a02 -> 
  custom:container-demuxer-ogg: 62fdf1f143b41e24485cea50d1cbac27 -> 
  custom:video-encoder-webm-vp8: eb34c28f22e8b96e1ab97ce403110664 -> 
  custom:video-codec-MediaFoundation-h265: 746d11721c4dcdbdad8f713fa42b33f4 -> 
  custom:video-decoder-webm-vp8: 9c59270c3fd7afecdb556c50c9e8de78 -> 
  custom:audio-decoder-ogg-vorbis: bf7c407c2cedff20999df2af8eb42d56 -> 
  custom:audio-encoder-webm-vorbis: bf7c407c2cedff20999df2af8eb42d56 -> 
========================================================================
Received Import Request.
  path: Assets/Quiz/Scripts/CategoryBtnScript.cs
  artifactKey: Guid(384814be7a05b694d94dd6f8e50101f9) Importer(815301076,1909f56bfc062723c751e8b465ee728b)
Start importing Assets/Quiz/Scripts/CategoryBtnScript.cs using Guid(384814be7a05b694d94dd6f8e50101f9) Importer(815301076,1909f56bfc062723c751e8b465ee728b)  -> (artifact id: 'ba1a20413db3f239a3213c05792d6b4b') in 0.052316 seconds 
  Import took 0.056475 seconds .

========================================================================
Received Import Request.
  Time since last request: 17.548397 seconds.
  path: Assets/Quiz/Scripts/CategoryBtnScript.cs
  artifactKey: Guid(384814be7a05b694d94dd6f8e50101f9) Importer(815301076,1909f56bfc062723c751e8b465ee728b)
Start importing Assets/Quiz/Scripts/CategoryBtnScript.cs using Guid(384814be7a05b694d94dd6f8e50101f9) Importer(815301076,1909f56bfc062723c751e8b465ee728b)  -> (artifact id: '8e118b3e6c15985164ab62a99bbc1d66') in 0.010232 seconds 
  Import took 0.018665 seconds .

========================================================================
Received Import Request.
  Time since last request: 0.004755 seconds.
  path: Assets/Quiz/Scripts/CategoryBtnScript.cs
  artifactKey: Guid(384814be7a05b694d94dd6f8e50101f9) Importer(815301076,1909f56bfc062723c751e8b465ee728b)
Start importing Assets/Quiz/Scripts/CategoryBtnScript.cs using Guid(384814be7a05b694d94dd6f8e50101f9) Importer(815301076,1909f56bfc062723c751e8b465ee728b)  -> (artifact id: '8e118b3e6c15985164ab62a99bbc1d66') in 0.008636 seconds 
  Import took 0.016552 seconds .

========================================================================
Received Prepare
Registering precompiled user dll's ...
Registered in 0.006068 seconds.
Begin MonoManager ReloadAssembly
Native extension for WindowsStandalone target not found
Refreshing native plugins compatible for Editor in 1.26 ms, found 2 plugins.
Preloading 0 native plugins for Editor in 0.00 ms.
Mono: successfully reloaded assembly
- Completed reload, in  3.000 seconds
Domain Reload Profiling:
	ReloadAssembly (3000ms)
		BeginReloadAssembly (403ms)
			ExecutionOrderSort (0ms)
			DisableScriptedObjects (25ms)
			BackupInstance (0ms)
			ReleaseScriptingObjects (0ms)
			CreateAndSetChildDomain (142ms)
		EndReloadAssembly (2452ms)
			LoadAssemblies (182ms)
			RebuildTransferFunctionScriptingTraits (0ms)
			SetupTypeCache (625ms)
			ReleaseScriptCaches (1ms)
			RebuildScriptCaches (116ms)
			SetupLoadedEditorAssemblies (1044ms)
				LogAssemblyErrors (0ms)
				InitializePlatformSupportModulesInManaged (20ms)
				SetLoadedEditorAssemblies (2ms)
				RefreshPlugins (1ms)
				BeforeProcessingInitializeOnLoad (328ms)
				ProcessInitializeOnLoadAttributes (667ms)
				ProcessInitializeOnLoadMethodAttributes (14ms)
				AfterProcessingInitializeOnLoad (11ms)
				EditorAssembliesLoaded (1ms)
			ExecutionOrderSort2 (0ms)
			AwakeInstancesAfterBackupRestoration (28ms)
Platform modules already initialized, skipping
Switching build target platform(19) subTarget(0) extendedPlatform(0) -> platform(13) subTarget(537395200) extendedPlatform(0)
Refreshing native plugins compatible for Editor in 1.03 ms, found 2 plugins.
Preloading 0 native plugins for Editor in 0.00 ms.
Unloading 1637 Unused Serialized files (Serialized files now loaded: 0)
System memory in use before: 77.1 MB.
System memory in use after: 77.3 MB.

Unloading 12 unused Assets to reduce memory usage. Loaded Objects now: 2099.
Total: 12.698500 ms (FindLiveObjects: 0.631000 ms CreateObjectMapping: 0.295900 ms MarkObjects: 11.695900 ms  DeleteObjects: 0.072300 ms)

AssetImportParameters requested are different than current active one (requested -> active):
  custom:framework-win-MediaFoundation: 216162199b28c13a410421893ffa2e32 -> 
  custom:video-decoder-ogg-theora: a1e56fd34408186e4bbccfd4996cb3dc -> 
  custom:container-muxer-webm: aa71ff27fc2769a1b78a27578f13a17b -> 
  custom:container-demuxer-webm: 4f35f7cbe854078d1ac9338744f61a02 -> 
  custom:container-demuxer-ogg: 62fdf1f143b41e24485cea50d1cbac27 -> 
  custom:video-encoder-webm-vp8: eb34c28f22e8b96e1ab97ce403110664 -> 
  custom:video-codec-MediaFoundation-h265: 746d11721c4dcdbdad8f713fa42b33f4 -> 
  custom:video-decoder-webm-vp8: 9c59270c3fd7afecdb556c50c9e8de78 -> 
  custom:graphics/normal-map-encoding: 01000000000000000000000000000000 -> 02000000000000000000000000000000
  custom:audio-decoder-ogg-vorbis: bf7c407c2cedff20999df2af8eb42d56 -> 
  custom:audio-encoder-webm-vorbis: bf7c407c2cedff20999df2af8eb42d56 -> 
========================================================================
Received Import Request.
  Time since last request: 12.275821 seconds.
  path: Assets/Quiz/Scripts/PlayFabController.cs
  artifactKey: Guid(a528abaee12d4b74685f939eec47f600) Importer(815301076,1909f56bfc062723c751e8b465ee728b)
Start importing Assets/Quiz/Scripts/PlayFabController.cs using Guid(a528abaee12d4b74685f939eec47f600) Importer(815301076,1909f56bfc062723c751e8b465ee728b)  -> (artifact id: 'b5a172a774a29f13d9005fcf2d0a72a1') in 0.023300 seconds 
  Import took 0.028903 seconds .

========================================================================
Received Import Request.
  Time since last request: 0.006838 seconds.
  path: Assets/Quiz/Scripts/PlayFabController.cs
  artifactKey: Guid(a528abaee12d4b74685f939eec47f600) Importer(815301076,1909f56bfc062723c751e8b465ee728b)
Start importing Assets/Quiz/Scripts/PlayFabController.cs using Guid(a528abaee12d4b74685f939eec47f600) Importer(815301076,1909f56bfc062723c751e8b465ee728b)  -> (artifact id: 'b5a172a774a29f13d9005fcf2d0a72a1') in 0.004494 seconds 
  Import took 0.010594 seconds .

========================================================================
Received Prepare
Registering precompiled user dll's ...
Registered in 0.004634 seconds.
Begin MonoManager ReloadAssembly
Native extension for WindowsStandalone target not found
Refreshing native plugins compatible for Editor in 0.94 ms, found 2 plugins.
Preloading 0 native plugins for Editor in 0.00 ms.
Mono: successfully reloaded assembly
- Completed reload, in  3.183 seconds
Domain Reload Profiling:
	ReloadAssembly (3184ms)
		BeginReloadAssembly (313ms)
			ExecutionOrderSort (0ms)
			DisableScriptedObjects (18ms)
			BackupInstance (0ms)
			ReleaseScriptingObjects (0ms)
			CreateAndSetChildDomain (105ms)
		EndReloadAssembly (2666ms)
			LoadAssemblies (256ms)
			RebuildTransferFunctionScriptingTraits (0ms)
			SetupTypeCache (892ms)
			ReleaseScriptCaches (3ms)
			RebuildScriptCaches (119ms)
			SetupLoadedEditorAssemblies (1077ms)
				LogAssemblyErrors (0ms)
				InitializePlatformSupportModulesInManaged (14ms)
				SetLoadedEditorAssemblies (1ms)
				RefreshPlugins (1ms)
				BeforeProcessingInitializeOnLoad (204ms)
				ProcessInitializeOnLoadAttributes (835ms)
				ProcessInitializeOnLoadMethodAttributes (12ms)
				AfterProcessingInitializeOnLoad (10ms)
				EditorAssembliesLoaded (0ms)
			ExecutionOrderSort2 (0ms)
			AwakeInstancesAfterBackupRestoration (15ms)
Platform modules already initialized, skipping
Switching build target platform(19) subTarget(0) extendedPlatform(0) -> platform(13) subTarget(537395200) extendedPlatform(0)
Refreshing native plugins compatible for Editor in 0.76 ms, found 2 plugins.
Preloading 0 native plugins for Editor in 0.00 ms.
Unloading 1637 Unused Serialized files (Serialized files now loaded: 0)
System memory in use before: 77.2 MB.
System memory in use after: 77.3 MB.

Unloading 12 unused Assets to reduce memory usage. Loaded Objects now: 2102.
Total: 4.835000 ms (FindLiveObjects: 0.310600 ms CreateObjectMapping: 0.081900 ms MarkObjects: 4.401800 ms  DeleteObjects: 0.038000 ms)

AssetImportParameters requested are different than current active one (requested -> active):
  custom:framework-win-MediaFoundation: 216162199b28c13a410421893ffa2e32 -> 
  custom:video-decoder-ogg-theora: a1e56fd34408186e4bbccfd4996cb3dc -> 
  custom:container-muxer-webm: aa71ff27fc2769a1b78a27578f13a17b -> 
  custom:container-demuxer-webm: 4f35f7cbe854078d1ac9338744f61a02 -> 
  custom:container-demuxer-ogg: 62fdf1f143b41e24485cea50d1cbac27 -> 
  custom:video-encoder-webm-vp8: eb34c28f22e8b96e1ab97ce403110664 -> 
  custom:video-codec-MediaFoundation-h265: 746d11721c4dcdbdad8f713fa42b33f4 -> 
  custom:video-decoder-webm-vp8: 9c59270c3fd7afecdb556c50c9e8de78 -> 
  custom:graphics/normal-map-encoding: 01000000000000000000000000000000 -> 02000000000000000000000000000000
  custom:audio-decoder-ogg-vorbis: bf7c407c2cedff20999df2af8eb42d56 -> 
  custom:audio-encoder-webm-vorbis: bf7c407c2cedff20999df2af8eb42d56 -> 
========================================================================
Received Import Request.
  Time since last request: 60.445170 seconds.
  path: Assets/Quiz/Scripts/QuizDataScriptable.cs
  artifactKey: Guid(f611d797432e3f846885b2b12fde5f35) Importer(815301076,1909f56bfc062723c751e8b465ee728b)
Start importing Assets/Quiz/Scripts/QuizDataScriptable.cs using Guid(f611d797432e3f846885b2b12fde5f35) Importer(815301076,1909f56bfc062723c751e8b465ee728b)  -> (artifact id: 'a51ddaeb54d3df5ed57a1c5c72717c42') in 0.032082 seconds 
  Import took 0.061926 seconds .

========================================================================
Received Import Request.
  Time since last request: 2.669120 seconds.
  path: Assets/Quiz/Scripts/QuizGameUI.cs
  artifactKey: Guid(187c968b65082c94e8abcfe1654dcf5b) Importer(815301076,1909f56bfc062723c751e8b465ee728b)
Start importing Assets/Quiz/Scripts/QuizGameUI.cs using Guid(187c968b65082c94e8abcfe1654dcf5b) Importer(815301076,1909f56bfc062723c751e8b465ee728b)  -> (artifact id: 'e288a8ed50e5bfa9bd2b1d9bd6fe87cf') in 0.027444 seconds 
  Import took 0.039732 seconds .

========================================================================
Received Import Request.
  Time since last request: 7.581974 seconds.
  path: Assets/Quiz/Scripts/QuizManager.cs
  artifactKey: Guid(10f2a6de0160d8045995b12a614a0340) Importer(815301076,1909f56bfc062723c751e8b465ee728b)
Start importing Assets/Quiz/Scripts/QuizManager.cs using Guid(10f2a6de0160d8045995b12a614a0340) Importer(815301076,1909f56bfc062723c751e8b465ee728b)  -> (artifact id: '66612a7e0fb2934daeb9ce8261cdb16f') in 0.023594 seconds 
  Import took 0.033987 seconds .

========================================================================
Received Import Request.
  Time since last request: 3.625271 seconds.
  path: Assets/Quiz/Scripts/SceneChanger.cs
  artifactKey: Guid(3e51f8e0082fe154db4e0111f76f196f) Importer(815301076,1909f56bfc062723c751e8b465ee728b)
Start importing Assets/Quiz/Scripts/SceneChanger.cs using Guid(3e51f8e0082fe154db4e0111f76f196f) Importer(815301076,1909f56bfc062723c751e8b465ee728b)  -> (artifact id: '1ab7891790e0bc7726682ed2b3690ffe') in 0.024189 seconds 
  Import took 0.035220 seconds .

========================================================================
Received Import Request.
  Time since last request: 0.001303 seconds.
  path: Assets/Quiz/Scripts/SceneChanger.cs
  artifactKey: Guid(3e51f8e0082fe154db4e0111f76f196f) Importer(815301076,1909f56bfc062723c751e8b465ee728b)
Start importing Assets/Quiz/Scripts/SceneChanger.cs using Guid(3e51f8e0082fe154db4e0111f76f196f) Importer(815301076,1909f56bfc062723c751e8b465ee728b)  -> (artifact id: '1ab7891790e0bc7726682ed2b3690ffe') in 0.009559 seconds 
  Import took 0.018832 seconds .

========================================================================
Received Import Request.
  Time since last request: 1.655801 seconds.
  path: Assets/Quiz/Scripts/ShuffleList.cs
  artifactKey: Guid(93904eaea42bc9c4bac9a189343750b6) Importer(815301076,1909f56bfc062723c751e8b465ee728b)
Start importing Assets/Quiz/Scripts/ShuffleList.cs using Guid(93904eaea42bc9c4bac9a189343750b6) Importer(815301076,1909f56bfc062723c751e8b465ee728b)  -> (artifact id: '66ff5adfcd8318e164b793605260827c') in 0.029635 seconds 
  Import took 0.045840 seconds .

========================================================================
Received Import Request.
  Time since last request: 0.003144 seconds.
  path: Assets/Quiz/Scripts/ShuffleList.cs
  artifactKey: Guid(93904eaea42bc9c4bac9a189343750b6) Importer(815301076,1909f56bfc062723c751e8b465ee728b)
Start importing Assets/Quiz/Scripts/ShuffleList.cs using Guid(93904eaea42bc9c4bac9a189343750b6) Importer(815301076,1909f56bfc062723c751e8b465ee728b)  -> (artifact id: '66ff5adfcd8318e164b793605260827c') in 0.010001 seconds 
  Import took 0.020027 seconds .

========================================================================
Received Import Request.
  Time since last request: 59.403910 seconds.
  path: Assets/Quiz/Scripts/ShuffleList.cs
  artifactKey: Guid(93904eaea42bc9c4bac9a189343750b6) Importer(815301076,1909f56bfc062723c751e8b465ee728b)
Start importing Assets/Quiz/Scripts/ShuffleList.cs using Guid(93904eaea42bc9c4bac9a189343750b6) Importer(815301076,1909f56bfc062723c751e8b465ee728b)  -> (artifact id: 'f86fc6df4fe0fd548e208aff6e565ae4') in 0.003353 seconds 
  Import took 0.007620 seconds .

========================================================================
Received Prepare
Registering precompiled user dll's ...
Registered in 0.003765 seconds.
Begin MonoManager ReloadAssembly
Native extension for WindowsStandalone target not found
Refreshing native plugins compatible for Editor in 0.96 ms, found 2 plugins.
Preloading 0 native plugins for Editor in 0.00 ms.
Mono: successfully reloaded assembly
- Completed reload, in  2.714 seconds
Domain Reload Profiling:
	ReloadAssembly (2714ms)
		BeginReloadAssembly (202ms)
			ExecutionOrderSort (0ms)
			DisableScriptedObjects (9ms)
			BackupInstance (0ms)
			ReleaseScriptingObjects (0ms)
			CreateAndSetChildDomain (74ms)
		EndReloadAssembly (2419ms)
			LoadAssemblies (133ms)
			RebuildTransferFunctionScriptingTraits (0ms)
			SetupTypeCache (734ms)
			ReleaseScriptCaches (2ms)
			RebuildScriptCaches (111ms)
			SetupLoadedEditorAssemblies (1073ms)
				LogAssemblyErrors (0ms)
				InitializePlatformSupportModulesInManaged (14ms)
				SetLoadedEditorAssemblies (1ms)
				RefreshPlugins (1ms)
				BeforeProcessingInitializeOnLoad (191ms)
				ProcessInitializeOnLoadAttributes (830ms)
				ProcessInitializeOnLoadMethodAttributes (20ms)
				AfterProcessingInitializeOnLoad (16ms)
				EditorAssembliesLoaded (1ms)
			ExecutionOrderSort2 (0ms)
			AwakeInstancesAfterBackupRestoration (24ms)
Platform modules already initialized, skipping
Switching build target platform(19) subTarget(0) extendedPlatform(0) -> platform(13) subTarget(537395200) extendedPlatform(0)
Refreshing native plugins compatible for Editor in 0.84 ms, found 2 plugins.
Preloading 0 native plugins for Editor in 0.00 ms.
Unloading 1637 Unused Serialized files (Serialized files now loaded: 0)
System memory in use before: 77.2 MB.
System memory in use after: 77.3 MB.

Unloading 12 unused Assets to reduce memory usage. Loaded Objects now: 2105.
Total: 6.888600 ms (FindLiveObjects: 0.347500 ms CreateObjectMapping: 0.123800 ms MarkObjects: 6.379500 ms  DeleteObjects: 0.035500 ms)

AssetImportParameters requested are different than current active one (requested -> active):
  custom:framework-win-MediaFoundation: 216162199b28c13a410421893ffa2e32 -> 
  custom:video-decoder-ogg-theora: a1e56fd34408186e4bbccfd4996cb3dc -> 
  custom:container-muxer-webm: aa71ff27fc2769a1b78a27578f13a17b -> 
  custom:container-demuxer-webm: 4f35f7cbe854078d1ac9338744f61a02 -> 
  custom:container-demuxer-ogg: 62fdf1f143b41e24485cea50d1cbac27 -> 
  custom:video-encoder-webm-vp8: eb34c28f22e8b96e1ab97ce403110664 -> 
  custom:video-codec-MediaFoundation-h265: 746d11721c4dcdbdad8f713fa42b33f4 -> 
  custom:video-decoder-webm-vp8: 9c59270c3fd7afecdb556c50c9e8de78 -> 
  custom:graphics/normal-map-encoding: 01000000000000000000000000000000 -> 02000000000000000000000000000000
  custom:audio-decoder-ogg-vorbis: bf7c407c2cedff20999df2af8eb42d56 -> 
  custom:audio-encoder-webm-vorbis: bf7c407c2cedff20999df2af8eb42d56 -> 
AssetImportWorkerClient::OnTransportError - code=2 error=End of file
